<?xml version="1.0" encoding="UTF-8"?>
<!-- Generated by org.testng.reporters.JUnitXMLReporter -->
<testsuite ignored="1" hostname="LAPTOP-U48TQITT" failures="1" tests="11" name="Test" time="12.624" errors="0" timestamp="2022-10-10T13:09:08 IST">
  <testcase classname="THREAD4.thread4" name="browser" time="3.68"/>
  <testcase classname="THREAD4.thread4" name="test1" time="0.003"/>
  <testcase classname="THREAD4.thread4" name="test2" time="0.001"/>
  <testcase classname="THREAD4.thread4" name="test3" time="0.003"/>
  <testcase classname="threaD3.thread3" name="browser" time="2.193"/>
  <testcase classname="threaD3.thread3" name="test2" time="0.001"/>
  <testcase classname="threaD3.thread3" name="test3" time="0.003"/>
  <testcase classname="thread2.thread2" name="browser" time="6.64">
    <failure type="java.lang.AssertionError" message="null">
      <![CDATA[java.lang.AssertionError: null
at thread2.thread2.browser(thread2.java:40)
at java.base/java.util.ArrayList.forEach(ArrayList.java:1511)
... Removed 27 stack frames]]>
    </failure>
  </testcase> <!-- browser -->
  <testcase classname="thread2.thread2" name="test1" time="0.003"/>
  <testcase classname="thread2.thread2" name="test2" time="0.003"/>
  <testcase classname="thread2.thread2" name="test3" time="0.002"/>
  <testcase classname="threaD3.thread3" name="test1" time="0.0">
    <ignored/>
  </testcase> <!-- test1 -->
</testsuite> <!-- Test -->
